<?xml version="1.0" encoding="UTF-8"?>
<testng-results ignored="0" total="1" passed="1" failed="0" skipped="0">
  <reporter-output>
  </reporter-output>
  <suite started-at="2023-10-02T19:35:47 IST" name="Suite" finished-at="2023-10-02T19:35:56 IST" duration-ms="8661">
    <groups>
    </groups>
    <test started-at="2023-10-02T19:35:47 IST" name="Test" finished-at="2023-10-02T19:35:56 IST" duration-ms="8661">
      <class name="jenkinsMavenIntegration.SampleTestCase">
        <test-method signature="lauchBrowser()[pri:0, instance:jenkinsMavenIntegration.SampleTestCase@72057ecf]" started-at="2023-10-02T19:35:47 IST" name="lauchBrowser" finished-at="2023-10-02T19:35:56 IST" duration-ms="8628" status="PASS">
          <reporter-output>
          </reporter-output>
        </test-method> <!-- lauchBrowser -->
      </class> <!-- jenkinsMavenIntegration.SampleTestCase -->
    </test> <!-- Test -->
  </suite> <!-- Suite -->
</testng-results>
